#
# A fatal error has been detected by the Java Runtime Environment:
#
#  EXCEPTION_ACCESS_VIOLATION (0xc0000005) at pc=0x000000006ce162e5, pid=17080, tid=0x00000000000049b8
#
# JRE version: Java(TM) SE Runtime Environment (8.0_111-b14) (build 1.8.0_111-b14)
# Java VM: Java HotSpot(TM) 64-Bit Server VM (25.111-b14 mixed mode windows-amd64 compressed oops)
# Problematic frame:
# V  [jvm.dll+0x762e5]
#
# Failed to write core dump. Minidumps are not enabled by default on client versions of Windows
#
# If you would like to submit a bug report, please visit:
#   http://bugreport.java.com/bugreport/crash.jsp
#

---------------  T H R E A D  ---------------

Current thread (0x0000000015d26800):  VMThread [stack: 0x0000000017a20000,0x0000000017b20000] [id=18872]

siginfo: ExceptionCode=0xc0000005, reading address 0xffffffffffffffff

Registers:
RAX=0x0000000000000005, RBX=0x04000000210b45f8, RCX=0x0000000000000017, RDX=0x0000000000000004
RSP=0x0000000017b1f3c0, RBP=0x0000000017b1f5f0, RSI=0x0000000021dfcce0, RDI=0x0000000017b1f608
R8 =0x0000000000000001, R9 =0x000000001f8fbed0, R10=0x0000000001260e10, R11=0x000000001c023c50
R12=0x000000000001b7f8, R13=0x000000000001b7f8, R14=0x0000000017b1f460, R15=0x0000000017b1f608
RIP=0x000000006ce162e5, EFLAGS=0x0000000000010202

Top of Stack: (sp=0x0000000017b1f3c0)
0x0000000017b1f3c0:   0000000000000000 000000006cec664f
0x0000000017b1f3d0:   0000000000000000 00000001001635f0
0x0000000017b1f3e0:   000000000000172c 0000000000000000
0x0000000017b1f3f0:   000000006d3f3320 0000000000000000
0x0000000017b1f400:   000000006d572b10 000000006d572aa0
0x0000000017b1f410:   0000000017b1f560 000000006ce163f9
0x0000000017b1f420:   0000000017b1f5f0 0000000000000008
0x0000000017b1f430:   0000000017b1f608 0000000000000000
0x0000000017b1f440:   0000000017b1f460 0000000017b1f5f0
0x0000000017b1f450:   0000000000000000 000000006d19d6da
0x0000000017b1f460:   000000000011398d 0000000015bb5420
0x0000000017b1f470:   0000000000000000 000000006d3f3320
0x0000000017b1f480:   000000006d572aa0 0000000000000022
0x0000000017b1f490:   000000006d572aa0 0000000000000022
0x0000000017b1f4a0:   0000000000000055 0000000000000d00
0x0000000017b1f4b0:   00000000000001d8 0000000000000005 

Instructions: (pc=0x000000006ce162e5)
0x000000006ce162c5:   77 00 48 8b 48 08 49 8b 1c 0c 49 8d 74 0d 00 48
0x000000006ce162d5:   85 db 0f 84 a3 00 00 00 4c 8b b4 24 80 00 00 00
0x000000006ce162e5:   f6 43 08 01 74 0d 83 3d 7e 8b 79 00 00 0f 84 83
0x000000006ce162f5:   00 00 00 4c 8b 4b 10 4c 63 05 4d de 74 00 33 c0 


Register to memory mapping:

RAX=0x0000000000000005 is an unknown value
RBX=0x04000000210b45f8 is an unknown value
RCX=0x0000000000000017 is an unknown value
RDX=0x0000000000000004 is an unknown value
RSP=0x0000000017b1f3c0 is an unknown value
RBP=0x0000000017b1f5f0 is an unknown value
RSI=0x0000000021dfcce0 is an unknown value
RDI=0x0000000017b1f608 is an unknown value
R8 =0x0000000000000001 is an unknown value
R9 =0x000000001f8fbed0 is an unknown value
R10=0x0000000001260e10 is an unknown value
R11=0x000000001c023c50 is an unknown value
R12=0x000000000001b7f8 is an unknown value
R13=0x000000000001b7f8 is an unknown value
R14=0x0000000017b1f460 is an unknown value
R15=0x0000000017b1f608 is an unknown value


Stack: [0x0000000017a20000,0x0000000017b20000],  sp=0x0000000017b1f3c0,  free space=1020k
Native frames: (J=compiled Java code, j=interpreted, Vv=VM code, C=native code)
V  [jvm.dll+0x762e5]
V  [jvm.dll+0x763f9]
V  [jvm.dll+0x3fd6da]
V  [jvm.dll+0x3fe9da]
V  [jvm.dll+0x3feffb]
V  [jvm.dll+0x405055]
V  [jvm.dll+0x24ba27]
V  [jvm.dll+0x24acc6]
V  [jvm.dll+0x24b161]
V  [jvm.dll+0x24b37e]
V  [jvm.dll+0x29c43a]
C  [msvcr100.dll+0x21d9f]
C  [msvcr100.dll+0x21e3b]
C  [KERNEL32.DLL+0x8364]
C  [ntdll.dll+0x670d1]

VM_Operation (0x000000002b6af440): ParallelGCSystemGC, mode: safepoint, requested by thread 0x000000001bbbc000


---------------  P R O C E S S  ---------------

Java Threads: ( => current thread )
  0x00000000192b2000 JavaThread "Idle Worker Monitor for C:\Users\img\Anaconda3\python.exe" daemon [_thread_blocked, id=14100, stack(0x000000002f3b0000,0x000000002f4b0000)]
  0x000000001f627000 JavaThread "task-result-getter-3" daemon [_thread_blocked, id=27120, stack(0x000000002c1b0000,0x000000002c2b0000)]
  0x000000001f626000 JavaThread "task-result-getter-2" daemon [_thread_blocked, id=22864, stack(0x000000002c0b0000,0x000000002c1b0000)]
  0x000000001f62a800 JavaThread "task-result-getter-1" daemon [_thread_blocked, id=11712, stack(0x000000002bab0000,0x000000002bbb0000)]
  0x000000001f628800 JavaThread "task-result-getter-0" daemon [_thread_blocked, id=17604, stack(0x000000002b9b0000,0x000000002bab0000)]
  0x00000000192b8000 JavaThread "org.apache.hadoop.fs.FileSystem$Statistics$StatisticsDataReferenceCleaner" daemon [_thread_blocked, id=10032, stack(0x000000002b7b0000,0x000000002b8b0000)]
  0x000000001bbbc800 JavaThread "SparkListenerBus" daemon [_thread_blocked, id=23256, stack(0x000000002b6b0000,0x000000002b7b0000)]
  0x000000001bbbc000 JavaThread "context-cleaner-periodic-gc" daemon [_thread_blocked, id=18588, stack(0x000000002b5b0000,0x000000002b6b0000)]
  0x000000001bbbb000 JavaThread "Spark Context Cleaner" daemon [_thread_blocked, id=24460, stack(0x000000002b4b0000,0x000000002b5b0000)]
  0x000000001bbba800 JavaThread "shuffle-server-0" daemon [_thread_in_native, id=20992, stack(0x000000002b3b0000,0x000000002b4b0000)]
  0x000000001bbbd800 JavaThread "driver-heartbeater" daemon [_thread_blocked, id=11784, stack(0x000000002b2b0000,0x000000002b3b0000)]
  0x000000001bbbf000 JavaThread "dag-scheduler-event-loop" daemon [_thread_blocked, id=27044, stack(0x000000002b1b0000,0x000000002b2b0000)]
  0x000000001bbb9000 JavaThread "netty-rpc-env-timeout" daemon [_thread_blocked, id=5960, stack(0x000000002b0b0000,0x000000002b1b0000)]
  0x000000001bbb8000 JavaThread "heartbeat-receiver-event-loop-thread" daemon [_thread_blocked, id=5336, stack(0x000000002afb0000,0x000000002b0b0000)]
  0x000000001c3b4800 JavaThread "Timer-1" daemon [_thread_blocked, id=21840, stack(0x000000002aeb0000,0x000000002afb0000)]
  0x000000001c3b7800 JavaThread "SparkUI-205" daemon [_thread_blocked, id=772, stack(0x000000002adb0000,0x000000002aeb0000)]
  0x000000001c3b4000 JavaThread "SparkUI-204" daemon [_thread_blocked, id=18816, stack(0x000000002acb0000,0x000000002adb0000)]
  0x000000001c3b3000 JavaThread "SparkUI-203" daemon [_thread_blocked, id=4360, stack(0x000000002abb0000,0x000000002acb0000)]
  0x000000001c3b8800 JavaThread "SparkUI-202-acceptor-0@65da0ff0-ServerConnector@6b1dfd3b{HTTP/1.1}{0.0.0.0:4040}" daemon [_thread_in_native, id=28900, stack(0x000000002aab0000,0x000000002abb0000)]
  0x000000001c3b6000 JavaThread "SparkUI-201-selector-ServerConnectorManager@6572ce10/3" daemon [_thread_in_native, id=6996, stack(0x000000002a9b0000,0x000000002aab0000)]
  0x000000001c3b7000 JavaThread "SparkUI-200-selector-ServerConnectorManager@6572ce10/2" daemon [_thread_in_native, id=5048, stack(0x000000002a8b0000,0x000000002a9b0000)]
  0x000000001c3b5800 JavaThread "SparkUI-199-selector-ServerConnectorManager@6572ce10/1" daemon [_thread_in_native, id=24140, stack(0x000000002a7b0000,0x000000002a8b0000)]
  0x000000001c3ac800 JavaThread "SparkUI-198-selector-ServerConnectorManager@6572ce10/0" daemon [_thread_in_native, id=6756, stack(0x000000002a6b0000,0x000000002a7b0000)]
  0x000000001c3ad000 JavaThread "refresh progress" daemon [_thread_blocked, id=15920, stack(0x000000002a4b0000,0x000000002a5b0000)]
  0x000000001c3b1800 JavaThread "map-output-dispatcher-7" daemon [_thread_blocked, id=14748, stack(0x000000002a3b0000,0x000000002a4b0000)]
  0x000000001c3ab800 JavaThread "map-output-dispatcher-6" daemon [_thread_blocked, id=12048, stack(0x000000002a2b0000,0x000000002a3b0000)]
  0x000000001c3aa000 JavaThread "map-output-dispatcher-5" daemon [_thread_blocked, id=30692, stack(0x000000002a1b0000,0x000000002a2b0000)]
  0x000000001c3ab000 JavaThread "map-output-dispatcher-4" daemon [_thread_blocked, id=8164, stack(0x000000002a0b0000,0x000000002a1b0000)]
  0x000000001c3b1000 JavaThread "map-output-dispatcher-3" daemon [_thread_blocked, id=8792, stack(0x0000000029fb0000,0x000000002a0b0000)]
  0x000000001c3a9800 JavaThread "map-output-dispatcher-2" daemon [_thread_blocked, id=4960, stack(0x0000000029eb0000,0x0000000029fb0000)]
  0x000000001c3af800 JavaThread "map-output-dispatcher-1" daemon [_thread_blocked, id=7340, stack(0x0000000029db0000,0x0000000029eb0000)]
  0x000000001c3b0000 JavaThread "map-output-dispatcher-0" daemon [_thread_blocked, id=5444, stack(0x0000000029cb0000,0x0000000029db0000)]
  0x000000001c3ae000 JavaThread "shuffle-server-0" daemon [_thread_in_native, id=27652, stack(0x0000000029bb0000,0x0000000029cb0000)]
  0x000000001be79800 JavaThread "dispatcher-event-loop-7" daemon [_thread_blocked, id=10040, stack(0x0000000029ab0000,0x0000000029bb0000)]
  0x000000001be77800 JavaThread "dispatcher-event-loop-6" daemon [_thread_blocked, id=23104, stack(0x00000000299b0000,0x0000000029ab0000)]
  0x000000001be76000 JavaThread "dispatcher-event-loop-5" daemon [_thread_blocked, id=16968, stack(0x00000000298b0000,0x00000000299b0000)]
  0x000000001be76800 JavaThread "dispatcher-event-loop-4" daemon [_thread_blocked, id=9132, stack(0x00000000297b0000,0x00000000298b0000)]
  0x000000001be79000 JavaThread "dispatcher-event-loop-3" daemon [_thread_blocked, id=17984, stack(0x00000000296b0000,0x00000000297b0000)]
  0x000000001be6e800 JavaThread "dispatcher-event-loop-2" daemon [_thread_blocked, id=15128, stack(0x00000000295b0000,0x00000000296b0000)]
  0x000000001be75000 JavaThread "dispatcher-event-loop-1" daemon [_thread_blocked, id=7256, stack(0x00000000294b0000,0x00000000295b0000)]
  0x000000001be6d800 JavaThread "dispatcher-event-loop-0" daemon [_thread_blocked, id=23524, stack(0x00000000293b0000,0x00000000294b0000)]
  0x000000001c3b2800 JavaThread "Idle Worker Monitor for C:\Users\img\Anaconda3\python.exe" daemon [_thread_blocked, id=23500, stack(0x0000000022eb0000,0x0000000022fb0000)]
  0x000000001be78000 JavaThread "Thread-16" [_thread_in_native, id=15776, stack(0x000000001fef0000,0x000000001fff0000)]
  0x00000000197af800 JavaThread "Thread-2" [_thread_in_native, id=12740, stack(0x000000001a5e0000,0x000000001a6e0000)]
  0x000000001958d800 JavaThread "Thread-1" [_thread_in_native, id=23260, stack(0x000000001a4e0000,0x000000001a5e0000)]
  0x0000000019ee5000 JavaThread "pool-1-thread-1" [_thread_blocked, id=652, stack(0x000000001a1e0000,0x000000001a2e0000)]
  0x0000000017ceb800 JavaThread "Service Thread" daemon [_thread_blocked, id=24360, stack(0x0000000018810000,0x0000000018910000)]
  0x0000000017c66800 JavaThread "C1 CompilerThread3" daemon [_thread_blocked, id=24176, stack(0x0000000018710000,0x0000000018810000)]
  0x0000000017c5e800 JavaThread "C2 CompilerThread2" daemon [_thread_blocked, id=25688, stack(0x0000000018610000,0x0000000018710000)]
  0x0000000017c57800 JavaThread "C2 CompilerThread1" daemon [_thread_blocked, id=11856, stack(0x0000000018510000,0x0000000018610000)]
  0x0000000017c55800 JavaThread "C2 CompilerThread0" daemon [_thread_blocked, id=13336, stack(0x0000000018410000,0x0000000018510000)]
  0x0000000017c52000 JavaThread "Attach Listener" daemon [_thread_blocked, id=25636, stack(0x0000000018310000,0x0000000018410000)]
  0x0000000017c51000 JavaThread "Signal Dispatcher" daemon [_thread_blocked, id=27408, stack(0x0000000018210000,0x0000000018310000)]
  0x0000000017c40800 JavaThread "Finalizer" daemon [_thread_blocked, id=12356, stack(0x0000000018020000,0x0000000018120000)]
  0x0000000015d2f000 JavaThread "Reference Handler" daemon [_thread_blocked, id=1416, stack(0x0000000017b20000,0x0000000017c20000)]
  0x0000000003119800 JavaThread "main" [_thread_in_native, id=16232, stack(0x0000000003010000,0x0000000003110000)]

Other Threads:
=>0x0000000015d26800 VMThread [stack: 0x0000000017a20000,0x0000000017b20000] [id=18872]
  0x0000000017db6800 WatcherThread [stack: 0x0000000018910000,0x0000000018a10000] [id=5752]

VM state:at safepoint (normal execution)

VM Mutex/Monitor currently owned by a thread:  ([mutex/lock_event])
[0x0000000003116ec0] Threads_lock - owner thread: 0x0000000015d26800
[0x00000000031174c0] Heap_lock - owner thread: 0x000000001bbbc000

Heap:
 PSYoungGen      total 267776K, used 288K [0x00000000eab00000, 0x00000000fc380000, 0x0000000100000000)
  eden space 249856K, 0% used [0x00000000eab00000,0x00000000eab00000,0x00000000f9f00000)
  from space 17920K, 1% used [0x00000000fb100000,0x00000000fb148000,0x00000000fc280000)
  to   space 18432K, 0% used [0x00000000f9f00000,0x00000000f9f00000,0x00000000fb100000)
 ParOldGen       total 214016K, used 21644K [0x00000000c0000000, 0x00000000cd100000, 0x00000000eab00000)
  object space 214016K, 10% used [0x00000000c0000000,0x00000000c1523080,0x00000000cd100000)
 Metaspace       used 68138K, capacity 68510K, committed 70488K, reserved 1110016K
  class space    used 9618K, capacity 9728K, committed 10112K, reserved 1048576K

Card table byte_map: [0x00000000125d0000,0x00000000127e0000] byte_map_base: 0x0000000011fd0000

Marking Bits: (ParMarkBitMap*) 0x000000006d5ba6c0
 Begin Bits: [0x0000000013140000, 0x0000000014140000)
 End Bits:   [0x0000000014140000, 0x0000000015140000)

Polling page: 0x0000000001220000

CodeCache: size=245760Kb used=29960Kb max_used=29974Kb free=215799Kb
 bounds [0x0000000003210000, 0x0000000004f90000, 0x0000000012210000]
 total_blobs=10291 nmethods=9701 adapters=498
 compilation: enabled

Compilation events (10 events):
Event: 46464.131 Thread 0x0000000017c66800 11797   !   3       java.util.TimerThread::mainLoop (232 bytes)
Event: 46464.131 Thread 0x0000000017c66800 nmethod 11797 0x0000000004f779d0 code [0x0000000004f77c40, 0x0000000004f78e18]
Event: 46669.236 Thread 0x0000000017c55800 11798       4       java.util.TaskQueue::fixDown (108 bytes)
Event: 46669.236 Thread 0x0000000017c55800 nmethod 11798 0x0000000004344c90 code [0x0000000004344dc0, 0x0000000004344e58]
Event: 46866.342 Thread 0x0000000017c5e800 11799       4       scala.collection.mutable.ArrayBuffer::foldLeft (7 bytes)
Event: 46866.344 Thread 0x0000000017c5e800 nmethod 11799 0x0000000004f4d450 code [0x0000000004f4d5a0, 0x0000000004f4d678]
Event: 47116.341 Thread 0x0000000017c57800 11800       4       org.apache.spark.HeartbeatReceiver$$anonfun$receiveAndReply$1::applyOrElse (423 bytes)
Event: 47116.360 Thread 0x0000000017c57800 nmethod 11800 0x0000000004f8a250 code [0x0000000004f8a520, 0x0000000004f8b460]
Event: 47246.341 Thread 0x0000000017c5e800 11801       4       scala.concurrent.duration.FiniteDuration::<init> (245 bytes)
Event: 47246.343 Thread 0x0000000017c5e800 nmethod 11801 0x0000000004f5e390 code [0x0000000004f5e4e0, 0x0000000004f5e698]

GC Heap History (10 events):
Event: 3611.505 GC heap after
Heap after GC invocations=30 (full 4):
 PSYoungGen      total 261632K, used 1206K [0x00000000eab00000, 0x00000000fc080000, 0x0000000100000000)
  eden space 250368K, 0% used [0x00000000eab00000,0x00000000eab00000,0x00000000f9f80000)
  from space 11264K, 10% used [0x00000000fb580000,0x00000000fb6adaa0,0x00000000fc080000)
  to   space 16896K, 0% used [0x00000000f9f80000,0x00000000f9f80000,0x00000000fb000000)
 ParOldGen       total 214016K, used 26554K [0x00000000c0000000, 0x00000000cd100000, 0x00000000eab00000)
  object space 214016K, 12% used [0x00000000c0000000,0x00000000c19eeb90,0x00000000cd100000)
 Metaspace       used 69027K, capacity 70040K, committed 70488K, reserved 1110016K
  class space    used 9757K, capacity 9983K, committed 10112K, reserved 1048576K
}
Event: 3611.505 GC heap before
{Heap before GC invocations=31 (full 5):
 PSYoungGen      total 261632K, used 1206K [0x00000000eab00000, 0x00000000fc080000, 0x0000000100000000)
  eden space 250368K, 0% used [0x00000000eab00000,0x00000000eab00000,0x00000000f9f80000)
  from space 11264K, 10% used [0x00000000fb580000,0x00000000fb6adaa0,0x00000000fc080000)
  to   space 16896K, 0% used [0x00000000f9f80000,0x00000000f9f80000,0x00000000fb000000)
 ParOldGen       total 214016K, used 26554K [0x00000000c0000000, 0x00000000cd100000, 0x00000000eab00000)
  object space 214016K, 12% used [0x00000000c0000000,0x00000000c19eeb90,0x00000000cd100000)
 Metaspace       used 69027K, capacity 70040K, committed 70488K, reserved 1110016K
  class space    used 9757K, capacity 9983K, committed 10112K, reserved 1048576K
Event: 3611.670 GC heap after
Heap after GC invocations=31 (full 5):
 PSYoungGen      total 261632K, used 0K [0x00000000eab00000, 0x00000000fc080000, 0x0000000100000000)
  eden space 250368K, 0% used [0x00000000eab00000,0x00000000eab00000,0x00000000f9f80000)
  from space 11264K, 0% used [0x00000000fb580000,0x00000000fb580000,0x00000000fc080000)
  to   space 16896K, 0% used [0x00000000f9f80000,0x00000000f9f80000,0x00000000fb000000)
 ParOldGen       total 214016K, used 22301K [0x00000000c0000000, 0x00000000cd100000, 0x00000000eab00000)
  object space 214016K, 10% used [0x00000000c0000000,0x00000000c15c76f8,0x00000000cd100000)
 Metaspace       used 68746K, capacity 69590K, committed 70488K, reserved 1110016K
  class space    used 9715K, capacity 9908K, committed 10112K, reserved 1048576K
}
Event: 5411.503 GC heap before
{Heap before GC invocations=32 (full 5):
 PSYoungGen      total 261632K, used 9066K [0x00000000eab00000, 0x00000000fc080000, 0x0000000100000000)
  eden space 250368K, 3% used [0x00000000eab00000,0x00000000eb3da968,0x00000000f9f80000)
  from space 11264K, 0% used [0x00000000fb580000,0x00000000fb580000,0x00000000fc080000)
  to   space 16896K, 0% used [0x00000000f9f80000,0x00000000f9f80000,0x00000000fb000000)
 ParOldGen       total 214016K, used 22301K [0x00000000c0000000, 0x00000000cd100000, 0x00000000eab00000)
  object space 214016K, 10% used [0x00000000c0000000,0x00000000c15c76f8,0x00000000cd100000)
 Metaspace       used 68763K, capacity 69590K, committed 70488K, reserved 1110016K
  class space    used 9715K, capacity 9908K, committed 10112K, reserved 1048576K
Event: 5411.506 GC heap after
Heap after GC invocations=32 (full 5):
 PSYoungGen      total 267264K, used 256K [0x00000000eab00000, 0x00000000fc280000, 0x0000000100000000)
  eden space 250368K, 0% used [0x00000000eab00000,0x00000000eab00000,0x00000000f9f80000)
  from space 16896K, 1% used [0x00000000f9f80000,0x00000000f9fc0000,0x00000000fb000000)
  to   space 17920K, 0% used [0x00000000fb100000,0x00000000fb100000,0x00000000fc280000)
 ParOldGen       total 214016K, used 22301K [0x00000000c0000000, 0x00000000cd100000, 0x00000000eab00000)
  object space 214016K, 10% used [0x00000000c0000000,0x00000000c15c76f8,0x00000000cd100000)
 Metaspace       used 68763K, capacity 69590K, committed 70488K, reserved 1110016K
  class space    used 9715K, capacity 9908K, committed 10112K, reserved 1048576K
}
Event: 5411.506 GC heap before
{Heap before GC invocations=33 (full 6):
 PSYoungGen      total 267264K, used 256K [0x00000000eab00000, 0x00000000fc280000, 0x0000000100000000)
  eden space 250368K, 0% used [0x00000000eab00000,0x00000000eab00000,0x00000000f9f80000)
  from space 16896K, 1% used [0x00000000f9f80000,0x00000000f9fc0000,0x00000000fb000000)
  to   space 17920K, 0% used [0x00000000fb100000,0x00000000fb100000,0x00000000fc280000)
 ParOldGen       total 214016K, used 22301K [0x00000000c0000000, 0x00000000cd100000, 0x00000000eab00000)
  object space 214016K, 10% used [0x00000000c0000000,0x00000000c15c76f8,0x00000000cd100000)
 Metaspace       used 68763K, capacity 69590K, committed 70488K, reserved 1110016K
  class space    used 9715K, capacity 9908K, committed 10112K, reserved 1048576K
Event: 5411.663 GC heap after
Heap after GC invocations=33 (full 6):
 PSYoungGen      total 267264K, used 0K [0x00000000eab00000, 0x00000000fc280000, 0x0000000100000000)
  eden space 250368K, 0% used [0x00000000eab00000,0x00000000eab00000,0x00000000f9f80000)
  from space 16896K, 0% used [0x00000000f9f80000,0x00000000f9f80000,0x00000000fb000000)
  to   space 17920K, 0% used [0x00000000fb100000,0x00000000fb100000,0x00000000fc280000)
 ParOldGen       total 214016K, used 21636K [0x00000000c0000000, 0x00000000cd100000, 0x00000000eab00000)
  object space 214016K, 10% used [0x00000000c0000000,0x00000000c1521080,0x00000000cd100000)
 Metaspace       used 68110K, capacity 68510K, committed 70488K, reserved 1110016K
  class space    used 9615K, capacity 9728K, committed 10112K, reserved 1048576K
}
Event: 47516.511 GC heap before
{Heap before GC invocations=34 (full 6):
 PSYoungGen      total 267264K, used 32733K [0x00000000eab00000, 0x00000000fc280000, 0x0000000100000000)
  eden space 250368K, 13% used [0x00000000eab00000,0x00000000ecaf7488,0x00000000f9f80000)
  from space 16896K, 0% used [0x00000000f9f80000,0x00000000f9f80000,0x00000000fb000000)
  to   space 17920K, 0% used [0x00000000fb100000,0x00000000fb100000,0x00000000fc280000)
 ParOldGen       total 214016K, used 21636K [0x00000000c0000000, 0x00000000cd100000, 0x00000000eab00000)
  object space 214016K, 10% used [0x00000000c0000000,0x00000000c1521080,0x00000000cd100000)
 Metaspace       used 68138K, capacity 68510K, committed 70488K, reserved 1110016K
  class space    used 9618K, capacity 9728K, committed 10112K, reserved 1048576K
Event: 47516.519 GC heap after
Heap after GC invocations=34 (full 6):
 PSYoungGen      total 267776K, used 288K [0x00000000eab00000, 0x00000000fc380000, 0x0000000100000000)
  eden space 249856K, 0% used [0x00000000eab00000,0x00000000eab00000,0x00000000f9f00000)
  from space 17920K, 1% used [0x00000000fb100000,0x00000000fb148000,0x00000000fc280000)
  to   space 18432K, 0% used [0x00000000f9f00000,0x00000000f9f00000,0x00000000fb100000)
 ParOldGen       total 214016K, used 21644K [0x00000000c0000000, 0x00000000cd100000, 0x00000000eab00000)
  object space 214016K, 10% used [0x00000000c0000000,0x00000000c1523080,0x00000000cd100000)
 Metaspace       used 68138K, capacity 68510K, committed 70488K, reserved 1110016K
  class space    used 9618K, capacity 9728K, committed 10112K, reserved 1048576K
}
Event: 47516.519 GC heap before
{Heap before GC invocations=35 (full 7):
 PSYoungGen      total 267776K, used 288K [0x00000000eab00000, 0x00000000fc380000, 0x0000000100000000)
  eden space 249856K, 0% used [0x00000000eab00000,0x00000000eab00000,0x00000000f9f00000)
  from space 17920K, 1% used [0x00000000fb100000,0x00000000fb148000,0x00000000fc280000)
  to   space 18432K, 0% used [0x00000000f9f00000,0x00000000f9f00000,0x00000000fb100000)
 ParOldGen       total 214016K, used 21644K [0x00000000c0000000, 0x00000000cd100000, 0x00000000eab00000)
  object space 214016K, 10% used [0x00000000c0000000,0x00000000c1523080,0x00000000cd100000)
 Metaspace       used 68138K, capacity 68510K, committed 70488K, reserved 1110016K
  class space    used 9618K, capacity 9728K, committed 10112K, reserved 1048576K

Deoptimization events (10 events):
Event: 18506.028 Thread 0x000000001bbb8000 Uncommon trap: reason=class_check action=maybe_recompile pc=0x000000000372c538 method=scala.concurrent.impl.Promise$DefaultPromise.tryCompleteAndGetListeners(Lscala/util/Try;)Lscala/collection/immutable/List; @ 33
Event: 18506.029 Thread 0x000000001bbb8000 Uncommon trap: reason=class_check action=maybe_recompile pc=0x000000000372c538 method=scala.concurrent.impl.Promise$DefaultPromise.tryCompleteAndGetListeners(Lscala/util/Try;)Lscala/collection/immutable/List; @ 33
Event: 18506.029 Thread 0x000000001bbb8000 Uncommon trap: reason=class_check action=maybe_recompile pc=0x000000000372c538 method=scala.concurrent.impl.Promise$DefaultPromise.tryCompleteAndGetListeners(Lscala/util/Try;)Lscala/collection/immutable/List; @ 33
Event: 18506.029 Thread 0x000000001bbb8000 Uncommon trap: reason=class_check action=maybe_recompile pc=0x000000000372c538 method=scala.concurrent.impl.Promise$DefaultPromise.tryCompleteAndGetListeners(Lscala/util/Try;)Lscala/collection/immutable/List; @ 33
Event: 46121.967 Thread 0x000000001be75000 Uncommon trap: reason=unstable_if action=reinterpret pc=0x0000000004f13c00 method=java.util.concurrent.locks.AbstractQueuedSynchronizer.addWaiter(Ljava/util/concurrent/locks/AbstractQueuedSynchronizer$Node;)Ljava/util/concurrent/locks/AbstractQueuedSynchr
Event: 46121.967 Thread 0x000000001be76000 Uncommon trap: reason=unstable_if action=reinterpret pc=0x0000000004f21c84 method=java.util.concurrent.locks.AbstractQueuedSynchronizer.findNodeFromTail(Ljava/util/concurrent/locks/AbstractQueuedSynchronizer$Node;)Z @ 7
Event: 46122.001 Thread 0x000000001be79800 Uncommon trap: reason=null_check action=make_not_entrant pc=0x0000000004f422e8 method=org.apache.spark.rpc.netty.Inbox.process(Lorg/apache/spark/rpc/netty/Dispatcher;)V @ 140
Event: 46122.001 Thread 0x000000001be79000 Uncommon trap: reason=null_check action=make_not_entrant pc=0x0000000004f422e8 method=org.apache.spark.rpc.netty.Inbox.process(Lorg/apache/spark/rpc/netty/Dispatcher;)V @ 140
Event: 46122.046 Thread 0x000000001bbb8000 Uncommon trap: reason=unstable_if action=reinterpret pc=0x0000000004f55314 method=scala.concurrent.impl.Promise$DefaultPromise.scala$concurrent$impl$Promise$DefaultPromise$$dispatchOrAddCallback(Lscala/concurrent/impl/CallbackRunnable;)V @ 72
Event: 46151.491 Thread 0x000000001bbb8000 Uncommon trap: reason=unstable_if action=reinterpret pc=0x0000000004f6cebc method=scala.concurrent.impl.Promise$DefaultPromise.scala$concurrent$impl$Promise$DefaultPromise$$dispatchOrAddCallback(Lscala/concurrent/impl/CallbackRunnable;)V @ 72

Internal exceptions (10 events):
Event: 2374.321 Thread 0x00000000192bd800 Exception <a 'java/net/SocketException': Socket closed> (0x00000000eceb80b0) thrown at [C:\re\workspace\8-2-build-windows-amd64-cygwin\jdk8u111\7883\hotspot\src\share\vm\prims\jni.cpp, line 735]
Event: 2374.325 Thread 0x00000000197af800 Exception <a 'java/lang/reflect/InvocationTargetException'> (0x00000000ecf45b38) thrown at [C:\re\workspace\8-2-build-windows-amd64-cygwin\jdk8u111\7883\hotspot\src\share\vm\runtime\reflection.cpp, line 1092]
Event: 2418.134 Thread 0x00000000197af800 Exception <a 'java/lang/reflect/InvocationTargetException'> (0x00000000f005e398) thrown at [C:\re\workspace\8-2-build-windows-amd64-cygwin\jdk8u111\7883\hotspot\src\share\vm\runtime\reflection.cpp, line 1092]
Event: 2529.853 Thread 0x00000000197af800 Exception <a 'java/lang/reflect/InvocationTargetException'> (0x00000000f5449290) thrown at [C:\re\workspace\8-2-build-windows-amd64-cygwin\jdk8u111\7883\hotspot\src\share\vm\runtime\reflection.cpp, line 1092]
Event: 2579.801 Thread 0x00000000197af800 Exception <a 'java/lang/reflect/InvocationTargetException'> (0x00000000ec500200) thrown at [C:\re\workspace\8-2-build-windows-amd64-cygwin\jdk8u111\7883\hotspot\src\share\vm\runtime\reflection.cpp, line 1092]
Event: 2633.620 Thread 0x00000000197af800 Exception <a 'java/lang/reflect/InvocationTargetException'> (0x00000000f20ca398) thrown at [C:\re\workspace\8-2-build-windows-amd64-cygwin\jdk8u111\7883\hotspot\src\share\vm\runtime\reflection.cpp, line 1092]
Event: 2653.243 Thread 0x00000000192bc000 Exception <a 'java/net/SocketException': Socket closed> (0x00000000ec33b9e0) thrown at [C:\re\workspace\8-2-build-windows-amd64-cygwin\jdk8u111\7883\hotspot\src\share\vm\prims\jni.cpp, line 735]
Event: 2714.192 Thread 0x00000000192b3800 Exception <a 'java/net/SocketException': Socket closed> (0x00000000f14ea068) thrown at [C:\re\workspace\8-2-build-windows-amd64-cygwin\jdk8u111\7883\hotspot\src\share\vm\prims\jni.cpp, line 735]
Event: 46122.001 Thread 0x000000001be79800 Implicit null exception at 0x0000000004f41be9 to 0x0000000004f422b0
Event: 46122.001 Thread 0x000000001be79000 Implicit null exception at 0x0000000004f41be9 to 0x0000000004f422b0

Events (10 events):
Event: 46122.001 Thread 0x000000001be79000 DEOPT PACKING pc=0x0000000004f422e8 sp=0x00000000297af1f0
Event: 46122.001 Thread 0x000000001be79800 DEOPT UNPACKING pc=0x000000000325582a sp=0x0000000029baeea0 mode 2
Event: 46122.001 Thread 0x000000001be79000 DEOPT UNPACKING pc=0x000000000325582a sp=0x00000000297af1d0 mode 2
Event: 46122.046 Thread 0x000000001bbb8000 Uncommon trap: trap_request=0xffffff65 fr.pc=0x0000000004f55314
Event: 46122.046 Thread 0x000000001bbb8000 DEOPT PACKING pc=0x0000000004f55314 sp=0x000000002b0ae930
Event: 46122.046 Thread 0x000000001bbb8000 DEOPT UNPACKING pc=0x000000000325582a sp=0x000000002b0ae610 mode 2
Event: 46151.491 Thread 0x000000001bbb8000 Uncommon trap: trap_request=0xffffff65 fr.pc=0x0000000004f6cebc
Event: 46151.491 Thread 0x000000001bbb8000 DEOPT PACKING pc=0x0000000004f6cebc sp=0x000000002b0aebe0
Event: 46151.491 Thread 0x000000001bbb8000 DEOPT UNPACKING pc=0x000000000325582a sp=0x000000002b0aea08 mode 2
Event: 47516.511 Executing VM operation: ParallelGCSystemGC


Dynamic libraries:
0x00007ff6df380000 - 0x00007ff6df3b7000 	C:\Program Files\Java\jdk1.8.0_111\bin\java.exe
0x00007ff9fa980000 - 0x00007ff9fab51000 	C:\Windows\SYSTEM32\ntdll.dll
0x00007ff9fa8d0000 - 0x00007ff9fa97b000 	C:\Windows\System32\KERNEL32.DLL
0x00007ff9f7cf0000 - 0x00007ff9f7f0d000 	C:\Windows\System32\KERNELBASE.dll
0x00007ff9f8520000 - 0x00007ff9f85c2000 	C:\Windows\System32\ADVAPI32.dll
0x00007ff9f8480000 - 0x00007ff9f851e000 	C:\Windows\System32\msvcrt.dll
0x00007ff9f8420000 - 0x00007ff9f8479000 	C:\Windows\System32\sechost.dll
0x00007ff9fa490000 - 0x00007ff9fa5b1000 	C:\Windows\System32\RPCRT4.dll
0x00007ff9f7f10000 - 0x00007ff9f8075000 	C:\Windows\System32\USER32.dll
0x00007ff9f7b80000 - 0x00007ff9f7b9e000 	C:\Windows\System32\win32u.dll
0x00007ff9fa7d0000 - 0x00007ff9fa804000 	C:\Windows\System32\GDI32.dll
0x00007ff9f6e70000 - 0x00007ff9f6ff2000 	C:\Windows\System32\gdi32full.dll
0x00007ff9f03f0000 - 0x00007ff9f0669000 	C:\Windows\WinSxS\amd64_microsoft.windows.common-controls_6595b64144ccf1df_6.0.14393.447_none_42191651c6827bb3\COMCTL32.dll
0x00007ff9fa1c0000 - 0x00007ff9fa488000 	C:\Windows\System32\combase.dll
0x00007ff9f76e0000 - 0x00007ff9f77d5000 	C:\Windows\System32\ucrtbase.dll
0x00007ff9f77e0000 - 0x00007ff9f784a000 	C:\Windows\System32\bcryptPrimitives.dll
0x00007ff9fa0e0000 - 0x00007ff9fa10e000 	C:\Windows\System32\IMM32.DLL
0x000000006e330000 - 0x000000006e402000 	C:\Program Files\Java\jdk1.8.0_111\jre\bin\msvcr100.dll
0x000000006cda0000 - 0x000000006d63a000 	C:\Program Files\Java\jdk1.8.0_111\jre\bin\server\jvm.dll
0x00007ff9f85d0000 - 0x00007ff9f85d8000 	C:\Windows\System32\PSAPI.DLL
0x00007ff9df270000 - 0x00007ff9df279000 	C:\Windows\SYSTEM32\WSOCK32.dll
0x00007ff9f5250000 - 0x00007ff9f5273000 	C:\Windows\SYSTEM32\WINMM.dll
0x00007ff9f3c00000 - 0x00007ff9f3c0a000 	C:\Windows\SYSTEM32\VERSION.dll
0x00007ff9f83b0000 - 0x00007ff9f841a000 	C:\Windows\System32\WS2_32.dll
0x00007ff9f50e0000 - 0x00007ff9f510b000 	C:\Windows\SYSTEM32\WINMMBASE.dll
0x00007ff9f7b30000 - 0x00007ff9f7b72000 	C:\Windows\System32\cfgmgr32.dll
0x000000006f170000 - 0x000000006f17f000 	C:\Program Files\Java\jdk1.8.0_111\jre\bin\verify.dll
0x000000006e220000 - 0x000000006e249000 	C:\Program Files\Java\jdk1.8.0_111\jre\bin\java.dll
0x000000006e200000 - 0x000000006e216000 	C:\Program Files\Java\jdk1.8.0_111\jre\bin\zip.dll
0x00007ff9f8bd0000 - 0x00007ff9fa0d9000 	C:\Windows\System32\SHELL32.dll
0x00007ff9f7000000 - 0x00007ff9f76da000 	C:\Windows\System32\windows.storage.dll
0x00007ff9f6e20000 - 0x00007ff9f6e6c000 	C:\Windows\System32\powrprof.dll
0x00007ff9fa770000 - 0x00007ff9fa7c2000 	C:\Windows\System32\shlwapi.dll
0x00007ff9f6de0000 - 0x00007ff9f6def000 	C:\Windows\System32\kernel.appcore.dll
0x00007ff9f7a80000 - 0x00007ff9f7b29000 	C:\Windows\System32\shcore.dll
0x00007ff9f6e00000 - 0x00007ff9f6e14000 	C:\Windows\System32\profapi.dll
0x000000006e1e0000 - 0x000000006e1fa000 	C:\Program Files\Java\jdk1.8.0_111\jre\bin\net.dll
0x00007ff9f6560000 - 0x00007ff9f65bc000 	C:\Windows\system32\mswsock.dll
0x000000006e1d0000 - 0x000000006e1dd000 	C:\Program Files\Java\jdk1.8.0_111\jre\bin\management.dll
0x000000006e1c0000 - 0x000000006e1c9000 	C:\Program Files\Java\jdk1.8.0_111\jre\bin\w2k_lsa_auth.dll
0x00007ff9e56b0000 - 0x00007ff9e56bc000 	C:\Windows\SYSTEM32\Secur32.dll
0x00007ff9f6a50000 - 0x00007ff9f6a7c000 	C:\Windows\SYSTEM32\SSPICLI.DLL
0x00007ff9d2090000 - 0x00007ff9d20aa000 	C:\winutils\bin\hadoop.dll
0x00007ff9e7d60000 - 0x00007ff9e7d78000 	C:\Windows\SYSTEM32\NETAPI32.dll
0x00007ff9f5f50000 - 0x00007ff9f5f9a000 	C:\Windows\SYSTEM32\AUTHZ.dll
0x00007ff9f63d0000 - 0x00007ff9f63dd000 	C:\Windows\SYSTEM32\NETUTILS.DLL
0x00007ff9ed0c0000 - 0x00007ff9ed0d9000 	C:\Windows\SYSTEM32\SAMCLI.DLL
0x000000006e1b0000 - 0x000000006e1b9000 	C:\Program Files\Java\jdk1.8.0_111\jre\bin\jaas_nt.dll
0x00007ff9e6fe0000 - 0x00007ff9e6ff6000 	C:\Windows\system32\napinsp.dll
0x00007ff9e7d80000 - 0x00007ff9e7d9a000 	C:\Windows\system32\pnrpnsp.dll
0x00007ff9f2070000 - 0x00007ff9f2088000 	C:\Windows\system32\NLAapi.dll
0x00007ff9f6330000 - 0x00007ff9f63d0000 	C:\Windows\SYSTEM32\DNSAPI.dll
0x00007ff9fa5c0000 - 0x00007ff9fa5c8000 	C:\Windows\System32\NSI.dll
0x00007ff9f62f0000 - 0x00007ff9f6328000 	C:\Windows\SYSTEM32\IPHLPAPI.DLL
0x00007ff9e7da0000 - 0x00007ff9e7dae000 	C:\Windows\System32\winrnr.dll
0x00007ff9f2060000 - 0x00007ff9f206a000 	C:\Windows\System32\rasadhlp.dll
0x00007ff9f14e0000 - 0x00007ff9f154a000 	C:\Windows\System32\fwpuclnt.dll
0x00007ff9f6d20000 - 0x00007ff9f6d4b000 	C:\Windows\SYSTEM32\bcrypt.dll
0x000000006e190000 - 0x000000006e1a1000 	C:\Program Files\Java\jdk1.8.0_111\jre\bin\nio.dll
0x00007ff9f6850000 - 0x00007ff9f6867000 	C:\Windows\SYSTEM32\CRYPTSP.dll
0x00007ff9f6760000 - 0x00007ff9f6793000 	C:\Windows\system32\rsaenh.dll
0x00007ff9f63f0000 - 0x00007ff9f640f000 	C:\Windows\SYSTEM32\USERENV.dll
0x00007ff9f6870000 - 0x00007ff9f687b000 	C:\Windows\SYSTEM32\CRYPTBASE.dll
0x00007ff9f3cb0000 - 0x00007ff9f3cc6000 	C:\Windows\SYSTEM32\dhcpcsvc6.DLL
0x00007ff9f3c90000 - 0x00007ff9f3caa000 	C:\Windows\SYSTEM32\dhcpcsvc.DLL
0x0000000066f40000 - 0x0000000066f6d000 	C:\Users\img\AppData\Local\Temp\liblz4-java1259697850655554343.so
0x00007ff9f0ce0000 - 0x00007ff9f0e72000 	C:\Windows\SYSTEM32\dbghelp.dll

VM Arguments:
jvm_args: -Xmx1g 
java_command: org.apache.spark.deploy.SparkSubmit pyspark-shell
java_class_path (initial): C:\Users\img\Documents\spark-2.0.2-bin-hadoop2.7\bin\..\conf\;C:\Users\img\Documents\spark-2.0.2-bin-hadoop2.7\bin\..\jars\activation-1.1.1.jar;C:\Users\img\Documents\spark-2.0.2-bin-hadoop2.7\bin\..\jars\antlr-2.7.7.jar;C:\Users\img\Documents\spark-2.0.2-bin-hadoop2.7\bin\..\jars\antlr-runtime-3.4.jar;C:\Users\img\Documents\spark-2.0.2-bin-hadoop2.7\bin\..\jars\antlr4-runtime-4.5.3.jar;C:\Users\img\Documents\spark-2.0.2-bin-hadoop2.7\bin\..\jars\aopalliance-1.0.jar;C:\Users\img\Documents\spark-2.0.2-bin-hadoop2.7\bin\..\jars\aopalliance-repackaged-2.4.0-b34.jar;C:\Users\img\Documents\spark-2.0.2-bin-hadoop2.7\bin\..\jars\apache-log4j-extras-1.2.17.jar;C:\Users\img\Documents\spark-2.0.2-bin-hadoop2.7\bin\..\jars\apacheds-i18n-2.0.0-M15.jar;C:\Users\img\Documents\spark-2.0.2-bin-hadoop2.7\bin\..\jars\apacheds-kerberos-codec-2.0.0-M15.jar;C:\Users\img\Documents\spark-2.0.2-bin-hadoop2.7\bin\..\jars\api-asn1-api-1.0.0-M20.jar;C:\Users\img\Documents\spark-2.0.2-bin-hadoop2.7\bin\..\jars\api-util-1.0.0-M20.jar;C:\Users\img\Documents\spark-2.0.2-bin-hadoop2.7\bin\..\jars\arpack_combined_all-0.1.jar;C:\Users\img\Documents\spark-2.0.2-bin-hadoop2.7\bin\..\jars\avro-1.7.7.jar;C:\Users\img\Documents\spark-2.0.2-bin-hadoop2.7\bin\..\jars\avro-ipc-1.7.7.jar;C:\Users\img\Documents\spark-2.0.2-bin-hadoop2.7\bin\..\jars\avro-mapred-1.7.7-hadoop2.jar;C:\Users\img\Documents\spark-2.0.2-bin-hadoop2.7\bin\..\jars\base64-2.3.8.jar;C:\Users\img\Documents\spark-2.0.2-bin-hadoop2.7\bin\..\jars\bcprov-jdk15on-1.51.jar;C:\Users\img\Documents\spark-2.0.2-bin-hadoop2.7\bin\..\jars\bonecp-0.8.0.RELEASE.jar;C:\Users\img\Documents\spark-2.0.2-bin-hadoop2.7\bin\..\jars\breeze-macros_2.11-0.11.2.jar;C:\Users\img\Documents\spark-2.0.2-bin-hadoop2.7\bin\..\jars\breeze_2.11-0.11.2.jar;C:\Users\img\Documents\spark-2.0.2-bin-hadoop2.7\bin\..\jars\calcite-avatica-1.2.0-incubating.jar;C:\Users\img\Documents\spark-2.0.2-bin-hadoop2.7\bin\..\jars\calcite-core-1.2.0-incubating.j
Launcher Type: SUN_STANDARD

Environment Variables:
JAVA_HOME=C:\Program Files\Java\jdk1.8.0_111
PATH=C:\Users\img\Anaconda3\Library\bin;C:\Users\img\Anaconda3\Library\bin;C:\Users\img\Anaconda3;C:\Users\img\Anaconda3\Scripts;C:\Users\img\Anaconda3\Library\bin;C:\Users\img\Anaconda3\Library\bin;C:\ProgramData\Oracle\Java\javapath;C:\Program Files (x86)\Intel\iCLS Client\;C:\Program Files\Intel\iCLS Client\;C:\Windows\system32;C:\Windows;C:\Windows\System32\Wbem;C:\Windows\System32\WindowsPowerShell\v1.0\;C:\Program Files (x86)\Intel\Intel(R) Management Engine Components\DAL;C:\Program Files\Intel\Intel(R) Management Engine Components\DAL;C:\Program Files (x86)\Intel\Intel(R) Management Engine Components\IPT;C:\Program Files\Intel\Intel(R) Management Engine Components\IPT;C:\Program Files (x86)\NVIDIA Corporation\PhysX\Common;C:\Program Files (x86)\Skype\Phone\;C:\Program Files\maven\bin;C:\Users\img\Documents\spark-2.0.2-bin-hadoop2.7\bin;C:\Users\img\Anaconda3;C:\Users\img\Anaconda3\Scripts;C:\Users\img\Anaconda3\Library\bin;C:\Users\img\AppData\Local\Microsoft\WindowsApps;C:\Users\img\AppData\Local\Programs\EmEditor;C:\Program Files\Docker Toolbox;C:\winutils\bin
USERNAME=img
OS=Windows_NT
PROCESSOR_IDENTIFIER=Intel64 Family 6 Model 94 Stepping 3, GenuineIntel



---------------  S Y S T E M  ---------------

OS: Windows 10.0 , 64 bit Build 14393 (10.0.14393.0)

CPU:total 8 (4 cores per cpu, 2 threads per core) family 6 model 94 stepping 3, cmov, cx8, fxsr, mmx, sse, sse2, sse3, ssse3, sse4.1, sse4.2, popcnt, avx, avx2, aes, clmul, erms, rtm, 3dnowpref, lzcnt, ht, tsc, tscinvbit, bmi1, bmi2, adx

Memory: 4k page, physical 16735960k(6230592k free), swap 33513176k(13267136k free)

vm_info: Java HotSpot(TM) 64-Bit Server VM (25.111-b14) for windows-amd64 JRE (1.8.0_111-b14), built on Sep 22 2016 19:24:05 by "java_re" with MS VC++ 10.0 (VS2010)

time: Fri Dec 30 13:42:58 2016
elapsed time: 47516 seconds (0d 13h 11m 56s)

